<?xml version="1.0" encoding="utf-8"?><testsuites><testsuite name="pytest" errors="0" failures="0" skipped="0" tests="3" time="22.635" timestamp="2024-01-18T02:00:56.106481" hostname="olenad-workstation"><testcase classname="test_e2e.TestOne" name="test_e2e" time="15.530" /><testcase classname="test_homePage.TestHomePage" name="test_formSubmission[getData0]" time="6.018" /><testcase classname="test_homePage.TestHomePage" name="test_formSubmission[getData1]" time="1.036" /></testsuite></testsuites>